2013-10-15 01:10:16,367 [Worker-5] INFO  c.n.h.c.p.n.NettyAsyncHttpProvider - Number of application's worked threads is 4
2013-10-15 01:10:40,875 [ModalContext] INFO  c.n.h.c.p.n.NettyAsyncHttpProvider - Number of application's worked threads is 4
2013-10-15 01:10:51,538 [ModalContext] INFO  c.n.h.c.p.n.NettyAsyncHttpProvider - Number of application's worked threads is 4
2013-10-15 01:10:52,223 [New I/O client worker #3-1] INFO  o.e.m.c.i.e.AbstractTransferListenerAdapter - Downloading http://repo.maven.apache.org/maven2/org/apache/wicket/wicket-archetype-quickstart/1.3.2/wicket-archetype-quickstart-1.3.2.jar
2013-10-15 01:10:52,247 [New I/O client worker #3-1] INFO  o.e.m.c.i.e.AbstractTransferListenerAdapter - Downloaded http://repo.maven.apache.org/maven2/org/apache/wicket/wicket-archetype-quickstart/1.3.2/wicket-archetype-quickstart-1.3.2.jar
2013-10-15 01:12:00,746 [Worker-5] INFO  c.n.h.c.p.n.NettyAsyncHttpProvider - Number of application's worked threads is 4
2013-10-15 01:12:10,635 [Worker-5] INFO  c.n.h.c.p.n.NettyAsyncHttpProvider - Number of application's worked threads is 4
2013-10-15 01:12:11,504 [New I/O client worker #5-1] INFO  o.e.m.c.i.e.AbstractTransferListenerAdapter - Downloading http://repo.maven.apache.org/maven2/org/apache/wicket/wicket-archetype-quickstart/1.3.2/wicket-archetype-quickstart-1.3.2.pom
2013-10-15 01:12:11,518 [New I/O client worker #5-1] INFO  o.e.m.c.i.e.AbstractTransferListenerAdapter - Downloaded http://repo.maven.apache.org/maven2/org/apache/wicket/wicket-archetype-quickstart/1.3.2/wicket-archetype-quickstart-1.3.2.pom
2013-10-15 01:12:12,224 [Worker-5] INFO  o.e.m.c.i.p.ProjectConfigurationManager - Collecting project info '/pom.xml' C:\Users\````````````````````\Desktop\spring\Spring\pom.xml
2013-10-15 01:12:15,171 [Worker-5] INFO  c.n.h.c.p.n.NettyAsyncHttpProvider - Number of application's worked threads is 4
2013-10-15 01:12:15,887 [New I/O client worker #6-1] INFO  o.e.m.c.i.e.AbstractTransferListenerAdapter - Downloading http://repo.maven.apache.org/maven2/org/mortbay/jetty/maven-jetty-plugin/maven-metadata.xml
2013-10-15 01:12:15,895 [New I/O client worker #6-1] INFO  o.e.m.c.i.e.AbstractTransferListenerAdapter - Downloaded http://repo.maven.apache.org/maven2/org/mortbay/jetty/maven-jetty-plugin/maven-metadata.xml
2013-10-15 01:12:16,276 [Worker-5] INFO  c.n.h.c.p.n.NettyAsyncHttpProvider - Number of application's worked threads is 4
2013-10-15 01:12:17,287 [New I/O client worker #7-1] INFO  o.e.m.c.i.e.AbstractTransferListenerAdapter - Downloading http://repo.maven.apache.org/maven2/org/mortbay/jetty/maven-jetty-plugin/6.1.26/maven-jetty-plugin-6.1.26.pom
2013-10-15 01:12:17,326 [New I/O client worker #7-1] INFO  o.e.m.c.i.e.AbstractTransferListenerAdapter - Downloaded http://repo.maven.apache.org/maven2/org/mortbay/jetty/maven-jetty-plugin/6.1.26/maven-jetty-plugin-6.1.26.pom
2013-10-15 01:12:17,674 [Worker-5] INFO  c.n.h.c.p.n.NettyAsyncHttpProvider - Number of application's worked threads is 4
2013-10-15 01:12:18,299 [New I/O client worker #8-1] INFO  o.e.m.c.i.e.AbstractTransferListenerAdapter - Downloading http://repo.maven.apache.org/maven2/org/mortbay/jetty/project/6.1.26/project-6.1.26.pom
2013-10-15 01:12:18,322 [New I/O client worker #8-1] INFO  o.e.m.c.i.e.AbstractTransferListenerAdapter - Downloaded http://repo.maven.apache.org/maven2/org/mortbay/jetty/project/6.1.26/project-6.1.26.pom
2013-10-15 01:12:18,826 [Worker-5] INFO  c.n.h.c.p.n.NettyAsyncHttpProvider - Number of application's worked threads is 4
2013-10-15 01:12:19,365 [New I/O client worker #9-1] INFO  o.e.m.c.i.e.AbstractTransferListenerAdapter - Downloading http://repo.maven.apache.org/maven2/org/mortbay/jetty/jetty-parent/10/jetty-parent-10.pom
2013-10-15 01:12:19,376 [New I/O client worker #9-1] INFO  o.e.m.c.i.e.AbstractTransferListenerAdapter - Downloaded http://repo.maven.apache.org/maven2/org/mortbay/jetty/jetty-parent/10/jetty-parent-10.pom
2013-10-15 01:12:19,640 [Worker-5] INFO  c.n.h.c.p.n.NettyAsyncHttpProvider - Number of application's worked threads is 4
2013-10-15 01:12:20,141 [New I/O client worker #10-1] INFO  o.e.m.c.i.e.AbstractTransferListenerAdapter - Downloading http://repo.maven.apache.org/maven2/org/eclipse/jetty/jetty-parent/14/jetty-parent-14.pom
2013-10-15 01:12:20,366 [New I/O client worker #10-1] INFO  o.e.m.c.i.e.AbstractTransferListenerAdapter - Downloaded http://repo.maven.apache.org/maven2/org/eclipse/jetty/jetty-parent/14/jetty-parent-14.pom
2013-10-15 01:12:20,708 [Worker-5] INFO  c.n.h.c.p.n.NettyAsyncHttpProvider - Number of application's worked threads is 4
2013-10-15 01:12:21,942 [New I/O client worker #11-1] INFO  o.e.m.c.i.e.AbstractTransferListenerAdapter - Downloading http://repo.maven.apache.org/maven2/org/mortbay/jetty/maven-jetty-plugin/6.1.26/maven-jetty-plugin-6.1.26.jar
2013-10-15 01:12:22,567 [New I/O client worker #11-1] INFO  o.e.m.c.i.e.AbstractTransferListenerAdapter - Downloaded http://repo.maven.apache.org/maven2/org/mortbay/jetty/maven-jetty-plugin/6.1.26/maven-jetty-plugin-6.1.26.jar
2013-10-15 01:12:23,347 [Worker-5] WARN  o.e.m.c.i.embedder.EclipseLogger - Failed to dispatch repository event to org.eclipse.m2e.core.internal.embedder.EclipseRepositoryListener: null
2013-10-15 01:12:28,318 [Worker-5] INFO  o.e.m.c.i.l.LifecycleMappingFactory - Using org.maven.ide.eclipse.wtp.WarLifecycleMapping lifecycle mapping for MavenProject: com.everis:Spring:0.0.1-SNAPSHOT @ C:\Users\````````````````````\Desktop\spring\Spring\pom.xml.
2013-10-15 01:12:28,324 [Worker-5] INFO  c.n.h.c.p.n.NettyAsyncHttpProvider - Number of application's worked threads is 4
2013-10-15 01:12:28,808 [New I/O client worker #12-1] INFO  o.e.m.c.i.e.AbstractTransferListenerAdapter - Downloading http://repo.maven.apache.org/maven2/org/apache/wicket/wicket/1.3.2/wicket-1.3.2.pom
2013-10-15 01:12:28,827 [New I/O client worker #12-1] INFO  o.e.m.c.i.e.AbstractTransferListenerAdapter - Downloaded http://repo.maven.apache.org/maven2/org/apache/wicket/wicket/1.3.2/wicket-1.3.2.pom
2013-10-15 01:12:29,120 [Worker-5] INFO  c.n.h.c.p.n.NettyAsyncHttpProvider - Number of application's worked threads is 4
2013-10-15 01:12:29,620 [New I/O client worker #13-1] INFO  o.e.m.c.i.e.AbstractTransferListenerAdapter - Downloading http://repo.maven.apache.org/maven2/org/apache/wicket/wicket-jdk14/1.3.2/wicket-jdk14-1.3.2.pom
2013-10-15 01:12:29,631 [New I/O client worker #13-1] INFO  o.e.m.c.i.e.AbstractTransferListenerAdapter - Downloaded http://repo.maven.apache.org/maven2/org/apache/wicket/wicket-jdk14/1.3.2/wicket-jdk14-1.3.2.pom
2013-10-15 01:12:29,892 [Worker-5] INFO  c.n.h.c.p.n.NettyAsyncHttpProvider - Number of application's worked threads is 4
2013-10-15 01:12:30,402 [New I/O client worker #14-1] INFO  o.e.m.c.i.e.AbstractTransferListenerAdapter - Downloading http://repo.maven.apache.org/maven2/org/apache/wicket/wicket-parent/1.3.2/wicket-parent-1.3.2.pom
2013-10-15 01:12:30,635 [New I/O client worker #14-1] INFO  o.e.m.c.i.e.AbstractTransferListenerAdapter - Downloaded http://repo.maven.apache.org/maven2/org/apache/wicket/wicket-parent/1.3.2/wicket-parent-1.3.2.pom
2013-10-15 01:12:30,949 [Worker-5] INFO  c.n.h.c.p.n.NettyAsyncHttpProvider - Number of application's worked threads is 4
2013-10-15 01:12:31,575 [New I/O client worker #15-1] INFO  o.e.m.c.i.e.AbstractTransferListenerAdapter - Downloading http://repo.maven.apache.org/maven2/org/slf4j/slf4j-api/1.4.2/slf4j-api-1.4.2.pom
2013-10-15 01:12:31,595 [New I/O client worker #15-1] INFO  o.e.m.c.i.e.AbstractTransferListenerAdapter - Downloaded http://repo.maven.apache.org/maven2/org/slf4j/slf4j-api/1.4.2/slf4j-api-1.4.2.pom
2013-10-15 01:12:31,869 [Worker-5] INFO  c.n.h.c.p.n.NettyAsyncHttpProvider - Number of application's worked threads is 4
2013-10-15 01:12:32,588 [New I/O client worker #16-1] INFO  o.e.m.c.i.e.AbstractTransferListenerAdapter - Downloading http://repo.maven.apache.org/maven2/org/slf4j/slf4j-parent/1.4.2/slf4j-parent-1.4.2.pom
2013-10-15 01:12:32,601 [New I/O client worker #16-1] INFO  o.e.m.c.i.e.AbstractTransferListenerAdapter - Downloaded http://repo.maven.apache.org/maven2/org/slf4j/slf4j-parent/1.4.2/slf4j-parent-1.4.2.pom
2013-10-15 01:12:32,925 [Worker-5] INFO  c.n.h.c.p.n.NettyAsyncHttpProvider - Number of application's worked threads is 4
2013-10-15 01:12:33,386 [New I/O client worker #17-1] INFO  o.e.m.c.i.e.AbstractTransferListenerAdapter - Downloading http://repo.maven.apache.org/maven2/org/slf4j/slf4j-log4j12/1.4.2/slf4j-log4j12-1.4.2.pom
2013-10-15 01:12:33,397 [New I/O client worker #17-1] INFO  o.e.m.c.i.e.AbstractTransferListenerAdapter - Downloaded http://repo.maven.apache.org/maven2/org/slf4j/slf4j-log4j12/1.4.2/slf4j-log4j12-1.4.2.pom
2013-10-15 01:12:33,751 [Worker-5] INFO  c.n.h.c.p.n.NettyAsyncHttpProvider - Number of application's worked threads is 4
2013-10-15 01:12:34,329 [New I/O client worker #18-1] INFO  o.e.m.c.i.e.AbstractTransferListenerAdapter - Downloading http://repo.maven.apache.org/maven2/log4j/log4j/1.2.13/log4j-1.2.13.pom
2013-10-15 01:12:34,338 [New I/O client worker #18-1] INFO  o.e.m.c.i.e.AbstractTransferListenerAdapter - Downloaded http://repo.maven.apache.org/maven2/log4j/log4j/1.2.13/log4j-1.2.13.pom
2013-10-15 01:12:34,723 [Worker-5] INFO  c.n.h.c.p.n.NettyAsyncHttpProvider - Number of application's worked threads is 4
2013-10-15 01:12:35,343 [New I/O client worker #19-1] INFO  o.e.m.c.i.e.AbstractTransferListenerAdapter - Downloading http://repo.maven.apache.org/maven2/log4j/log4j/1.2.14/log4j-1.2.14.pom
2013-10-15 01:12:35,356 [New I/O client worker #19-1] INFO  o.e.m.c.i.e.AbstractTransferListenerAdapter - Downloaded http://repo.maven.apache.org/maven2/log4j/log4j/1.2.14/log4j-1.2.14.pom
2013-10-15 01:12:35,709 [Worker-5] INFO  c.n.h.c.p.n.NettyAsyncHttpProvider - Number of application's worked threads is 4
2013-10-15 01:12:36,191 [New I/O client worker #20-1] INFO  o.e.m.c.i.e.AbstractTransferListenerAdapter - Downloading http://repo.maven.apache.org/maven2/junit/junit/3.8.2/junit-3.8.2.pom
2013-10-15 01:12:36,201 [New I/O client worker #20-1] INFO  o.e.m.c.i.e.AbstractTransferListenerAdapter - Downloaded http://repo.maven.apache.org/maven2/junit/junit/3.8.2/junit-3.8.2.pom
2013-10-15 01:12:36,645 [Worker-5] INFO  c.n.h.c.p.n.NettyAsyncHttpProvider - Number of application's worked threads is 4
2013-10-15 01:12:37,198 [New I/O client worker #21-1] INFO  o.e.m.c.i.e.AbstractTransferListenerAdapter - Downloading http://repo.maven.apache.org/maven2/org/mortbay/jetty/jetty/6.1.4/jetty-6.1.4.pom
2013-10-15 01:12:37,210 [New I/O client worker #21-1] INFO  o.e.m.c.i.e.AbstractTransferListenerAdapter - Downloaded http://repo.maven.apache.org/maven2/org/mortbay/jetty/jetty/6.1.4/jetty-6.1.4.pom
2013-10-15 01:12:37,744 [Worker-5] INFO  c.n.h.c.p.n.NettyAsyncHttpProvider - Number of application's worked threads is 4
2013-10-15 01:12:38,251 [New I/O client worker #22-1] INFO  o.e.m.c.i.e.AbstractTransferListenerAdapter - Downloading http://repo.maven.apache.org/maven2/org/mortbay/jetty/project/6.1.4/project-6.1.4.pom
2013-10-15 01:12:38,289 [New I/O client worker #22-1] INFO  o.e.m.c.i.e.AbstractTransferListenerAdapter - Downloaded http://repo.maven.apache.org/maven2/org/mortbay/jetty/project/6.1.4/project-6.1.4.pom
2013-10-15 01:12:38,634 [Worker-5] INFO  c.n.h.c.p.n.NettyAsyncHttpProvider - Number of application's worked threads is 4
2013-10-15 01:12:40,324 [New I/O client worker #23-1] INFO  o.e.m.c.i.e.AbstractTransferListenerAdapter - Downloading http://repo.maven.apache.org/maven2/org/mortbay/jetty/jetty-util/6.1.4/jetty-util-6.1.4.pom
2013-10-15 01:12:40,336 [New I/O client worker #23-1] INFO  o.e.m.c.i.e.AbstractTransferListenerAdapter - Downloaded http://repo.maven.apache.org/maven2/org/mortbay/jetty/jetty-util/6.1.4/jetty-util-6.1.4.pom
2013-10-15 01:12:40,769 [Worker-5] INFO  c.n.h.c.p.n.NettyAsyncHttpProvider - Number of application's worked threads is 4
2013-10-15 01:12:41,473 [New I/O client worker #24-1] INFO  o.e.m.c.i.e.AbstractTransferListenerAdapter - Downloading http://repo.maven.apache.org/maven2/org/mortbay/jetty/servlet-api-2.5/6.1.4/servlet-api-2.5-6.1.4.pom
2013-10-15 01:12:41,484 [New I/O client worker #24-1] INFO  o.e.m.c.i.e.AbstractTransferListenerAdapter - Downloaded http://repo.maven.apache.org/maven2/org/mortbay/jetty/servlet-api-2.5/6.1.4/servlet-api-2.5-6.1.4.pom
2013-10-15 01:12:41,857 [Worker-5] INFO  c.n.h.c.p.n.NettyAsyncHttpProvider - Number of application's worked threads is 4
2013-10-15 01:12:42,866 [New I/O client worker #25-1] INFO  o.e.m.c.i.e.AbstractTransferListenerAdapter - Downloading http://repo.maven.apache.org/maven2/org/mortbay/jetty/jetty-management/6.1.4/jetty-management-6.1.4.pom
2013-10-15 01:12:42,877 [New I/O client worker #25-1] INFO  o.e.m.c.i.e.AbstractTransferListenerAdapter - Downloaded http://repo.maven.apache.org/maven2/org/mortbay/jetty/jetty-management/6.1.4/jetty-management-6.1.4.pom
2013-10-15 01:12:43,158 [Worker-5] INFO  c.n.h.c.p.n.NettyAsyncHttpProvider - Number of application's worked threads is 4
2013-10-15 01:12:43,581 [New I/O client worker #26-1] INFO  o.e.m.c.i.e.AbstractTransferListenerAdapter - Downloading http://repo.maven.apache.org/maven2/mx4j/mx4j/3.0.1/mx4j-3.0.1.pom
2013-10-15 01:12:43,589 [New I/O client worker #26-1] INFO  o.e.m.c.i.e.AbstractTransferListenerAdapter - Downloaded http://repo.maven.apache.org/maven2/mx4j/mx4j/3.0.1/mx4j-3.0.1.pom
2013-10-15 01:12:43,932 [Worker-5] INFO  c.n.h.c.p.n.NettyAsyncHttpProvider - Number of application's worked threads is 4
2013-10-15 01:12:44,379 [New I/O client worker #27-1] INFO  o.e.m.c.i.e.AbstractTransferListenerAdapter - Downloading http://repo.maven.apache.org/maven2/mx4j/mx4j-tools/3.0.1/mx4j-tools-3.0.1.pom
2013-10-15 01:12:44,388 [New I/O client worker #27-1] INFO  o.e.m.c.i.e.AbstractTransferListenerAdapter - Downloaded http://repo.maven.apache.org/maven2/mx4j/mx4j-tools/3.0.1/mx4j-tools-3.0.1.pom
2013-10-15 01:12:44,749 [Worker-5] INFO  c.n.h.c.p.n.NettyAsyncHttpProvider - Number of application's worked threads is 4
2013-10-15 01:12:45,234 [New I/O client worker #28-1] INFO  o.e.m.c.i.e.AbstractTransferListenerAdapter - Downloading http://repo.maven.apache.org/maven2/org/apache/wicket/wicket/1.3.2/wicket-1.3.2.jar
2013-10-15 01:12:45,359 [New I/O client worker #28-1] INFO  o.e.m.c.i.e.AbstractTransferListenerAdapter - Downloading http://repo.maven.apache.org/maven2/org/mortbay/jetty/jetty-management/6.1.4/jetty-management-6.1.4.jar
2013-10-15 01:12:45,369 [New I/O client worker #28-4] INFO  o.e.m.c.i.e.AbstractTransferListenerAdapter - Downloading http://repo.maven.apache.org/maven2/log4j/log4j/1.2.14/log4j-1.2.14.jar
2013-10-15 01:12:45,418 [New I/O client worker #28-3] INFO  o.e.m.c.i.e.AbstractTransferListenerAdapter - Downloading http://repo.maven.apache.org/maven2/mx4j/mx4j-tools/3.0.1/mx4j-tools-3.0.1.jar
2013-10-15 01:12:45,445 [New I/O client worker #28-4] INFO  o.e.m.c.i.e.AbstractTransferListenerAdapter - Downloading http://repo.maven.apache.org/maven2/org/mortbay/jetty/jetty-util/6.1.4/jetty-util-6.1.4.jar
2013-10-15 01:12:45,465 [New I/O client worker #28-2] INFO  o.e.m.c.i.e.AbstractTransferListenerAdapter - Downloading http://repo.maven.apache.org/maven2/mx4j/mx4j/3.0.1/mx4j-3.0.1.jar
2013-10-15 01:12:45,631 [New I/O client worker #28-3] INFO  o.e.m.c.i.e.AbstractTransferListenerAdapter - Downloading http://repo.maven.apache.org/maven2/org/mortbay/jetty/servlet-api-2.5/6.1.4/servlet-api-2.5-6.1.4.jar
2013-10-15 01:12:45,712 [New I/O client worker #28-1] INFO  o.e.m.c.i.e.AbstractTransferListenerAdapter - Downloaded http://repo.maven.apache.org/maven2/org/mortbay/jetty/jetty-management/6.1.4/jetty-management-6.1.4.jar
2013-10-15 01:12:45,766 [New I/O client worker #28-2] INFO  o.e.m.c.i.e.AbstractTransferListenerAdapter - Downloading http://repo.maven.apache.org/maven2/org/slf4j/slf4j-api/1.4.2/slf4j-api-1.4.2.jar
2013-10-15 01:12:45,952 [New I/O client worker #28-3] INFO  o.e.m.c.i.e.AbstractTransferListenerAdapter - Downloading http://repo.maven.apache.org/maven2/org/slf4j/slf4j-log4j12/1.4.2/slf4j-log4j12-1.4.2.jar
2013-10-15 01:12:45,955 [New I/O client worker #28-2] INFO  o.e.m.c.i.e.AbstractTransferListenerAdapter - Downloaded http://repo.maven.apache.org/maven2/org/slf4j/slf4j-api/1.4.2/slf4j-api-1.4.2.jar
2013-10-15 01:12:46,156 [New I/O client worker #28-2] INFO  o.e.m.c.i.e.AbstractTransferListenerAdapter - Downloading http://repo.maven.apache.org/maven2/org/mortbay/jetty/jetty/6.1.4/jetty-6.1.4.jar
2013-10-15 01:12:46,213 [New I/O client worker #28-1] INFO  o.e.m.c.i.e.AbstractTransferListenerAdapter - Downloading http://repo.maven.apache.org/maven2/junit/junit/3.8.2/junit-3.8.2.jar
2013-10-15 01:12:48,149 [New I/O client worker #28-3] INFO  o.e.m.c.i.e.AbstractTransferListenerAdapter - Downloaded http://repo.maven.apache.org/maven2/org/mortbay/jetty/servlet-api-2.5/6.1.4/servlet-api-2.5-6.1.4.jar
2013-10-15 01:12:48,800 [New I/O client worker #28-3] INFO  o.e.m.c.i.e.AbstractTransferListenerAdapter - Downloaded http://repo.maven.apache.org/maven2/org/slf4j/slf4j-log4j12/1.4.2/slf4j-log4j12-1.4.2.jar
2013-10-15 01:12:50,144 [New I/O client worker #28-4] INFO  o.e.m.c.i.e.AbstractTransferListenerAdapter - Downloaded http://repo.maven.apache.org/maven2/org/mortbay/jetty/jetty-util/6.1.4/jetty-util-6.1.4.jar
2013-10-15 01:12:52,176 [New I/O client worker #28-1] INFO  o.e.m.c.i.e.AbstractTransferListenerAdapter - Downloaded http://repo.maven.apache.org/maven2/junit/junit/3.8.2/junit-3.8.2.jar
2013-10-15 01:12:56,155 [New I/O client worker #28-2] INFO  o.e.m.c.i.e.AbstractTransferListenerAdapter - Downloaded http://repo.maven.apache.org/maven2/mx4j/mx4j/3.0.1/mx4j-3.0.1.jar
2013-10-15 01:12:56,867 [New I/O client worker #28-4] INFO  o.e.m.c.i.e.AbstractTransferListenerAdapter - Downloaded http://repo.maven.apache.org/maven2/log4j/log4j/1.2.14/log4j-1.2.14.jar
2013-10-15 01:12:57,609 [New I/O client worker #28-3] INFO  o.e.m.c.i.e.AbstractTransferListenerAdapter - Downloaded http://repo.maven.apache.org/maven2/mx4j/mx4j-tools/3.0.1/mx4j-tools-3.0.1.jar
2013-10-15 01:12:57,908 [New I/O client worker #28-2] INFO  o.e.m.c.i.e.AbstractTransferListenerAdapter - Downloaded http://repo.maven.apache.org/maven2/org/mortbay/jetty/jetty/6.1.4/jetty-6.1.4.jar
2013-10-15 01:13:03,648 [New I/O client worker #28-1] INFO  o.e.m.c.i.e.AbstractTransferListenerAdapter - Downloaded http://repo.maven.apache.org/maven2/org/apache/wicket/wicket/1.3.2/wicket-1.3.2.jar
2013-10-15 01:13:04,704 [Worker-5] WARN  o.e.m.c.i.embedder.EclipseLogger - Failed to dispatch repository event to org.eclipse.m2e.core.internal.embedder.EclipseRepositoryListener: null
2013-10-15 01:13:05,982 [Worker-5] WARN  o.e.m.c.i.embedder.EclipseLogger - Failed to dispatch repository event to org.eclipse.m2e.core.internal.embedder.EclipseRepositoryListener: null
2013-10-15 01:13:07,826 [Worker-5] WARN  o.e.m.c.i.embedder.EclipseLogger - Failed to dispatch repository event to org.eclipse.m2e.core.internal.embedder.EclipseRepositoryListener: null
2013-10-15 01:13:09,234 [Worker-0] INFO  o.e.m.c.i.l.LifecycleMappingFactory - Using org.maven.ide.eclipse.wtp.WarLifecycleMapping lifecycle mapping for MavenProject: com.everis:Spring:0.0.1-SNAPSHOT @ C:\Users\````````````````````\Desktop\spring\Spring\pom.xml.
2013-10-15 01:13:10,162 [Worker-5] INFO  o.e.m.j.i.AbstractJavaProjectConfigurator - Adding source folder /Spring/src/main/java
2013-10-15 01:13:10,164 [Worker-5] INFO  o.e.m.j.i.AbstractJavaProjectConfigurator - Adding resource folder /Spring/src/main/resources
2013-10-15 01:13:10,165 [Worker-5] INFO  o.e.m.j.i.AbstractJavaProjectConfigurator - Resources folder /Spring/src/main/java overlaps with sources folder /Spring/src/main/java
2013-10-15 01:13:10,169 [Worker-5] INFO  o.e.m.j.i.AbstractJavaProjectConfigurator - Adding source folder /Spring/src/test/java
2013-10-15 01:13:10,170 [Worker-5] INFO  o.e.m.j.i.AbstractJavaProjectConfigurator - Resources folder /Spring/src/test/java overlaps with sources folder /Spring/src/test/java
2013-10-15 01:13:16,033 [Worker-5] INFO  o.e.m.c.i.p.ProjectConfigurationManager - Project import completed 63 sec
2013-10-15 01:13:24,188 [Worker-7] INFO  o.e.m.c.i.l.LifecycleMappingFactory - Using org.maven.ide.eclipse.wtp.WarLifecycleMapping lifecycle mapping for MavenProject: com.everis:Spring:0.0.1-SNAPSHOT @ C:\Users\````````````````````\Desktop\spring\Spring\pom.xml.
2013-10-15 01:13:25,001 [Worker-7] WARN  o.e.m.c.i.embedder.EclipseLogger - Using platform encoding (Cp1252 actually) to copy filtered resources, i.e. build is platform dependent!
2013-10-15 01:13:25,016 [Worker-7] INFO  o.e.m.c.i.embedder.EclipseLogger - Copying 1 resource
2013-10-15 01:13:25,033 [Worker-7] INFO  o.e.m.c.i.embedder.EclipseLogger - Copying 1 resource
2013-10-15 01:13:25,044 [Worker-7] WARN  o.e.m.c.i.embedder.EclipseLogger - Using platform encoding (Cp1252 actually) to copy filtered resources, i.e. build is platform dependent!
2013-10-15 01:13:25,047 [Worker-7] INFO  o.e.m.c.i.embedder.EclipseLogger - Copying 0 resource
2013-10-15 01:16:36,238 [Worker-9] WARN  o.e.m.c.i.embedder.EclipseLogger - Using platform encoding (Cp1252 actually) to copy filtered resources, i.e. build is platform dependent!
2013-10-15 01:16:36,244 [Worker-9] INFO  o.e.m.c.i.embedder.EclipseLogger - Copying 0 resource
2013-10-15 01:16:36,245 [Worker-9] INFO  o.e.m.c.i.embedder.EclipseLogger - Copying 0 resource
2013-10-15 01:16:36,249 [Worker-9] WARN  o.e.m.c.i.embedder.EclipseLogger - Using platform encoding (Cp1252 actually) to copy filtered resources, i.e. build is platform dependent!
2013-10-15 01:16:36,251 [Worker-9] INFO  o.e.m.c.i.embedder.EclipseLogger - Copying 0 resource
2013-10-15 01:21:55,146 [Worker-14] WARN  o.e.m.c.i.embedder.EclipseLogger - Using platform encoding (Cp1252 actually) to copy filtered resources, i.e. build is platform dependent!
2013-10-15 01:21:55,148 [Worker-14] INFO  o.e.m.c.i.embedder.EclipseLogger - Copying 0 resource
2013-10-15 01:21:55,148 [Worker-14] INFO  o.e.m.c.i.embedder.EclipseLogger - Copying 0 resource
2013-10-15 01:21:55,151 [Worker-14] WARN  o.e.m.c.i.embedder.EclipseLogger - Using platform encoding (Cp1252 actually) to copy filtered resources, i.e. build is platform dependent!
2013-10-15 01:21:55,153 [Worker-14] INFO  o.e.m.c.i.embedder.EclipseLogger - Copying 0 resource
2013-10-15 01:22:17,881 [Worker-13] WARN  o.e.m.c.i.embedder.EclipseLogger - Using platform encoding (Cp1252 actually) to copy filtered resources, i.e. build is platform dependent!
2013-10-15 01:22:17,883 [Worker-13] INFO  o.e.m.c.i.embedder.EclipseLogger - Copying 0 resource
2013-10-15 01:22:17,884 [Worker-13] INFO  o.e.m.c.i.embedder.EclipseLogger - Copying 0 resource
2013-10-15 01:22:17,888 [Worker-13] WARN  o.e.m.c.i.embedder.EclipseLogger - Using platform encoding (Cp1252 actually) to copy filtered resources, i.e. build is platform dependent!
2013-10-15 01:22:17,889 [Worker-13] INFO  o.e.m.c.i.embedder.EclipseLogger - Copying 0 resource
2013-10-15 01:23:32,297 [Worker-13] WARN  o.e.m.c.i.embedder.EclipseLogger - Using platform encoding (Cp1252 actually) to copy filtered resources, i.e. build is platform dependent!
2013-10-15 01:23:32,299 [Worker-13] INFO  o.e.m.c.i.embedder.EclipseLogger - Copying 0 resource
2013-10-15 01:23:32,300 [Worker-13] INFO  o.e.m.c.i.embedder.EclipseLogger - Copying 0 resource
2013-10-15 01:23:32,304 [Worker-13] WARN  o.e.m.c.i.embedder.EclipseLogger - Using platform encoding (Cp1252 actually) to copy filtered resources, i.e. build is platform dependent!
2013-10-15 01:23:32,306 [Worker-13] INFO  o.e.m.c.i.embedder.EclipseLogger - Copying 0 resource
2013-10-15 01:24:31,823 [Worker-5] WARN  o.e.m.c.i.embedder.EclipseLogger - Using platform encoding (Cp1252 actually) to copy filtered resources, i.e. build is platform dependent!
2013-10-15 01:24:31,825 [Worker-5] INFO  o.e.m.c.i.embedder.EclipseLogger - Copying 0 resource
2013-10-15 01:24:31,826 [Worker-5] INFO  o.e.m.c.i.embedder.EclipseLogger - Copying 0 resource
2013-10-15 01:24:31,829 [Worker-5] WARN  o.e.m.c.i.embedder.EclipseLogger - Using platform encoding (Cp1252 actually) to copy filtered resources, i.e. build is platform dependent!
2013-10-15 01:24:31,836 [Worker-5] INFO  o.e.m.c.i.embedder.EclipseLogger - Copying 0 resource
2013-10-15 01:24:38,750 [Worker-14] WARN  o.e.m.c.i.embedder.EclipseLogger - Using platform encoding (Cp1252 actually) to copy filtered resources, i.e. build is platform dependent!
2013-10-15 01:24:38,752 [Worker-14] INFO  o.e.m.c.i.embedder.EclipseLogger - Copying 1 resource
2013-10-15 01:24:38,754 [Worker-14] INFO  o.e.m.c.i.embedder.EclipseLogger - Copying 0 resource
2013-10-15 01:24:38,763 [Worker-14] WARN  o.e.m.c.i.embedder.EclipseLogger - Using platform encoding (Cp1252 actually) to copy filtered resources, i.e. build is platform dependent!
2013-10-15 01:24:38,764 [Worker-14] INFO  o.e.m.c.i.embedder.EclipseLogger - Copying 0 resource
2013-10-15 01:25:03,542 [Worker-9] WARN  o.e.m.c.i.embedder.EclipseLogger - Using platform encoding (Cp1252 actually) to copy filtered resources, i.e. build is platform dependent!
2013-10-15 01:25:03,545 [Worker-9] INFO  o.e.m.c.i.embedder.EclipseLogger - Copying 1 resource
2013-10-15 01:25:03,550 [Worker-9] INFO  o.e.m.c.i.embedder.EclipseLogger - Copying 0 resource
2013-10-15 01:25:03,563 [Worker-9] WARN  o.e.m.c.i.embedder.EclipseLogger - Using platform encoding (Cp1252 actually) to copy filtered resources, i.e. build is platform dependent!
2013-10-15 01:25:03,564 [Worker-9] INFO  o.e.m.c.i.embedder.EclipseLogger - Copying 0 resource
2013-10-15 01:25:23,050 [Worker-5] WARN  o.e.m.c.i.embedder.EclipseLogger - Using platform encoding (Cp1252 actually) to copy filtered resources, i.e. build is platform dependent!
2013-10-15 01:25:23,053 [Worker-5] INFO  o.e.m.c.i.embedder.EclipseLogger - Copying 1 resource
2013-10-15 01:25:23,058 [Worker-5] INFO  o.e.m.c.i.embedder.EclipseLogger - Copying 0 resource
2013-10-15 01:25:23,064 [Worker-5] WARN  o.e.m.c.i.embedder.EclipseLogger - Using platform encoding (Cp1252 actually) to copy filtered resources, i.e. build is platform dependent!
2013-10-15 01:25:23,065 [Worker-5] INFO  o.e.m.c.i.embedder.EclipseLogger - Copying 0 resource
2013-10-15 01:25:57,500 [Worker-9] WARN  o.e.m.c.i.embedder.EclipseLogger - Using platform encoding (Cp1252 actually) to copy filtered resources, i.e. build is platform dependent!
2013-10-15 01:25:57,535 [Worker-9] INFO  o.e.m.c.i.embedder.EclipseLogger - Copying 1 resource
2013-10-15 01:25:57,559 [Worker-9] INFO  o.e.m.c.i.embedder.EclipseLogger - Copying 0 resource
2013-10-15 01:25:57,564 [Worker-9] WARN  o.e.m.c.i.embedder.EclipseLogger - Using platform encoding (Cp1252 actually) to copy filtered resources, i.e. build is platform dependent!
2013-10-15 01:25:57,566 [Worker-9] INFO  o.e.m.c.i.embedder.EclipseLogger - Copying 0 resource
2013-10-15 01:26:14,143 [Worker-15] WARN  o.e.m.c.i.embedder.EclipseLogger - Using platform encoding (Cp1252 actually) to copy filtered resources, i.e. build is platform dependent!
2013-10-15 01:26:14,146 [Worker-15] INFO  o.e.m.c.i.embedder.EclipseLogger - Copying 1 resource
2013-10-15 01:26:14,149 [Worker-15] INFO  o.e.m.c.i.embedder.EclipseLogger - Copying 0 resource
2013-10-15 01:26:14,153 [Worker-15] WARN  o.e.m.c.i.embedder.EclipseLogger - Using platform encoding (Cp1252 actually) to copy filtered resources, i.e. build is platform dependent!
2013-10-15 01:26:14,154 [Worker-15] INFO  o.e.m.c.i.embedder.EclipseLogger - Copying 0 resource
2013-10-15 01:26:26,768 [Worker-9] WARN  o.e.m.c.i.embedder.EclipseLogger - Using platform encoding (Cp1252 actually) to copy filtered resources, i.e. build is platform dependent!
2013-10-15 01:26:26,770 [Worker-9] INFO  o.e.m.c.i.embedder.EclipseLogger - Copying 1 resource
2013-10-15 01:26:26,777 [Worker-9] INFO  o.e.m.c.i.embedder.EclipseLogger - Copying 0 resource
2013-10-15 01:26:26,781 [Worker-9] WARN  o.e.m.c.i.embedder.EclipseLogger - Using platform encoding (Cp1252 actually) to copy filtered resources, i.e. build is platform dependent!
2013-10-15 01:26:26,783 [Worker-9] INFO  o.e.m.c.i.embedder.EclipseLogger - Copying 0 resource
2013-10-15 01:26:36,495 [Worker-13] WARN  o.e.m.c.i.embedder.EclipseLogger - Using platform encoding (Cp1252 actually) to copy filtered resources, i.e. build is platform dependent!
2013-10-15 01:26:36,498 [Worker-13] INFO  o.e.m.c.i.embedder.EclipseLogger - Copying 1 resource
2013-10-15 01:26:36,503 [Worker-13] INFO  o.e.m.c.i.embedder.EclipseLogger - Copying 0 resource
2013-10-15 01:26:36,509 [Worker-13] WARN  o.e.m.c.i.embedder.EclipseLogger - Using platform encoding (Cp1252 actually) to copy filtered resources, i.e. build is platform dependent!
2013-10-15 01:26:36,510 [Worker-13] INFO  o.e.m.c.i.embedder.EclipseLogger - Copying 0 resource
2013-10-15 01:26:48,409 [Worker-5] WARN  o.e.m.c.i.embedder.EclipseLogger - Using platform encoding (Cp1252 actually) to copy filtered resources, i.e. build is platform dependent!
2013-10-15 01:26:48,412 [Worker-5] INFO  o.e.m.c.i.embedder.EclipseLogger - Copying 1 resource
2013-10-15 01:26:48,420 [Worker-5] INFO  o.e.m.c.i.embedder.EclipseLogger - Copying 0 resource
2013-10-15 01:26:48,425 [Worker-5] WARN  o.e.m.c.i.embedder.EclipseLogger - Using platform encoding (Cp1252 actually) to copy filtered resources, i.e. build is platform dependent!
2013-10-15 01:26:48,426 [Worker-5] INFO  o.e.m.c.i.embedder.EclipseLogger - Copying 0 resource
2013-10-15 01:27:05,304 [Worker-5] WARN  o.e.m.c.i.embedder.EclipseLogger - Using platform encoding (Cp1252 actually) to copy filtered resources, i.e. build is platform dependent!
2013-10-15 01:27:05,307 [Worker-5] INFO  o.e.m.c.i.embedder.EclipseLogger - Copying 1 resource
2013-10-15 01:27:05,315 [Worker-5] INFO  o.e.m.c.i.embedder.EclipseLogger - Copying 0 resource
2013-10-15 01:27:05,321 [Worker-5] WARN  o.e.m.c.i.embedder.EclipseLogger - Using platform encoding (Cp1252 actually) to copy filtered resources, i.e. build is platform dependent!
2013-10-15 01:27:05,322 [Worker-5] INFO  o.e.m.c.i.embedder.EclipseLogger - Copying 0 resource
2013-10-15 01:27:12,792 [Worker-16] WARN  o.e.m.c.i.embedder.EclipseLogger - Using platform encoding (Cp1252 actually) to copy filtered resources, i.e. build is platform dependent!
2013-10-15 01:27:12,795 [Worker-16] INFO  o.e.m.c.i.embedder.EclipseLogger - Copying 1 resource
2013-10-15 01:27:12,805 [Worker-16] INFO  o.e.m.c.i.embedder.EclipseLogger - Copying 0 resource
2013-10-15 01:27:12,813 [Worker-16] WARN  o.e.m.c.i.embedder.EclipseLogger - Using platform encoding (Cp1252 actually) to copy filtered resources, i.e. build is platform dependent!
2013-10-15 01:27:12,815 [Worker-16] INFO  o.e.m.c.i.embedder.EclipseLogger - Copying 0 resource
2013-10-15 01:29:20,350 [Worker-14] WARN  o.e.m.c.i.embedder.EclipseLogger - Using platform encoding (Cp1252 actually) to copy filtered resources, i.e. build is platform dependent!
2013-10-15 01:29:20,353 [Worker-14] INFO  o.e.m.c.i.embedder.EclipseLogger - Copying 1 resource
2013-10-15 01:29:20,366 [Worker-14] INFO  o.e.m.c.i.embedder.EclipseLogger - Copying 0 resource
2013-10-15 01:29:20,372 [Worker-14] WARN  o.e.m.c.i.embedder.EclipseLogger - Using platform encoding (Cp1252 actually) to copy filtered resources, i.e. build is platform dependent!
2013-10-15 01:29:20,373 [Worker-14] INFO  o.e.m.c.i.embedder.EclipseLogger - Copying 0 resource
2013-10-15 01:29:28,024 [Worker-14] WARN  o.e.m.c.i.embedder.EclipseLogger - Using platform encoding (Cp1252 actually) to copy filtered resources, i.e. build is platform dependent!
2013-10-15 01:29:28,027 [Worker-14] INFO  o.e.m.c.i.embedder.EclipseLogger - Copying 1 resource
2013-10-15 01:29:28,036 [Worker-14] INFO  o.e.m.c.i.embedder.EclipseLogger - Copying 0 resource
2013-10-15 01:29:28,039 [Worker-14] WARN  o.e.m.c.i.embedder.EclipseLogger - Using platform encoding (Cp1252 actually) to copy filtered resources, i.e. build is platform dependent!
2013-10-15 01:29:28,042 [Worker-14] INFO  o.e.m.c.i.embedder.EclipseLogger - Copying 0 resource
2013-10-15 01:30:14,924 [Worker-9] WARN  o.e.m.c.i.embedder.EclipseLogger - Using platform encoding (Cp1252 actually) to copy filtered resources, i.e. build is platform dependent!
2013-10-15 01:30:14,926 [Worker-9] INFO  o.e.m.c.i.embedder.EclipseLogger - Copying 1 resource
2013-10-15 01:30:14,932 [Worker-9] INFO  o.e.m.c.i.embedder.EclipseLogger - Copying 0 resource
2013-10-15 01:30:14,936 [Worker-9] WARN  o.e.m.c.i.embedder.EclipseLogger - Using platform encoding (Cp1252 actually) to copy filtered resources, i.e. build is platform dependent!
2013-10-15 01:30:14,937 [Worker-9] INFO  o.e.m.c.i.embedder.EclipseLogger - Copying 0 resource
2013-10-15 01:30:23,090 [Worker-16] WARN  o.e.m.c.i.embedder.EclipseLogger - Using platform encoding (Cp1252 actually) to copy filtered resources, i.e. build is platform dependent!
2013-10-15 01:30:23,093 [Worker-16] INFO  o.e.m.c.i.embedder.EclipseLogger - Copying 1 resource
2013-10-15 01:30:23,101 [Worker-16] INFO  o.e.m.c.i.embedder.EclipseLogger - Copying 0 resource
2013-10-15 01:30:23,106 [Worker-16] WARN  o.e.m.c.i.embedder.EclipseLogger - Using platform encoding (Cp1252 actually) to copy filtered resources, i.e. build is platform dependent!
2013-10-15 01:30:23,107 [Worker-16] INFO  o.e.m.c.i.embedder.EclipseLogger - Copying 0 resource
2013-10-15 01:30:43,513 [Worker-9] WARN  o.e.m.c.i.embedder.EclipseLogger - Using platform encoding (Cp1252 actually) to copy filtered resources, i.e. build is platform dependent!
2013-10-15 01:30:43,516 [Worker-9] INFO  o.e.m.c.i.embedder.EclipseLogger - Copying 1 resource
2013-10-15 01:30:43,521 [Worker-9] INFO  o.e.m.c.i.embedder.EclipseLogger - Copying 0 resource
2013-10-15 01:30:43,525 [Worker-9] WARN  o.e.m.c.i.embedder.EclipseLogger - Using platform encoding (Cp1252 actually) to copy filtered resources, i.e. build is platform dependent!
2013-10-15 01:30:43,526 [Worker-9] INFO  o.e.m.c.i.embedder.EclipseLogger - Copying 0 resource
2013-10-15 01:31:08,994 [Worker-18] WARN  o.e.m.c.i.embedder.EclipseLogger - Using platform encoding (Cp1252 actually) to copy filtered resources, i.e. build is platform dependent!
2013-10-15 01:31:08,997 [Worker-18] INFO  o.e.m.c.i.embedder.EclipseLogger - Copying 1 resource
2013-10-15 01:31:09,003 [Worker-18] INFO  o.e.m.c.i.embedder.EclipseLogger - Copying 0 resource
2013-10-15 01:31:09,007 [Worker-18] WARN  o.e.m.c.i.embedder.EclipseLogger - Using platform encoding (Cp1252 actually) to copy filtered resources, i.e. build is platform dependent!
2013-10-15 01:31:09,009 [Worker-18] INFO  o.e.m.c.i.embedder.EclipseLogger - Copying 0 resource
2013-10-15 01:31:18,234 [Worker-11] WARN  o.e.m.c.i.embedder.EclipseLogger - Using platform encoding (Cp1252 actually) to copy filtered resources, i.e. build is platform dependent!
2013-10-15 01:31:18,237 [Worker-11] INFO  o.e.m.c.i.embedder.EclipseLogger - Copying 1 resource
2013-10-15 01:31:18,242 [Worker-11] INFO  o.e.m.c.i.embedder.EclipseLogger - Copying 0 resource
2013-10-15 01:31:18,246 [Worker-11] WARN  o.e.m.c.i.embedder.EclipseLogger - Using platform encoding (Cp1252 actually) to copy filtered resources, i.e. build is platform dependent!
2013-10-15 01:31:18,247 [Worker-11] INFO  o.e.m.c.i.embedder.EclipseLogger - Copying 0 resource
2013-10-15 01:37:03,468 [Worker-16] WARN  o.e.m.c.i.embedder.EclipseLogger - Using platform encoding (Cp1252 actually) to copy filtered resources, i.e. build is platform dependent!
2013-10-15 01:37:03,472 [Worker-16] INFO  o.e.m.c.i.embedder.EclipseLogger - Copying 1 resource
2013-10-15 01:37:03,508 [Worker-16] INFO  o.e.m.c.i.embedder.EclipseLogger - Copying 0 resource
2013-10-15 01:37:03,512 [Worker-16] WARN  o.e.m.c.i.embedder.EclipseLogger - Using platform encoding (Cp1252 actually) to copy filtered resources, i.e. build is platform dependent!
2013-10-15 01:37:03,514 [Worker-16] INFO  o.e.m.c.i.embedder.EclipseLogger - Copying 0 resource
2013-10-15 01:38:22,485 [Worker-19] WARN  o.e.m.c.i.embedder.EclipseLogger - Using platform encoding (Cp1252 actually) to copy filtered resources, i.e. build is platform dependent!
2013-10-15 01:38:22,488 [Worker-19] INFO  o.e.m.c.i.embedder.EclipseLogger - Copying 1 resource
2013-10-15 01:38:22,495 [Worker-19] INFO  o.e.m.c.i.embedder.EclipseLogger - Copying 0 resource
2013-10-15 01:38:22,499 [Worker-19] WARN  o.e.m.c.i.embedder.EclipseLogger - Using platform encoding (Cp1252 actually) to copy filtered resources, i.e. build is platform dependent!
2013-10-15 01:38:22,502 [Worker-19] INFO  o.e.m.c.i.embedder.EclipseLogger - Copying 0 resource
2013-10-15 01:38:51,746 [Worker-16] WARN  o.e.m.c.i.embedder.EclipseLogger - Using platform encoding (Cp1252 actually) to copy filtered resources, i.e. build is platform dependent!
2013-10-15 01:38:51,801 [Worker-16] INFO  o.e.m.c.i.embedder.EclipseLogger - Copying 1 resource
2013-10-15 01:38:51,809 [Worker-16] INFO  o.e.m.c.i.embedder.EclipseLogger - Copying 0 resource
2013-10-15 01:38:51,814 [Worker-16] WARN  o.e.m.c.i.embedder.EclipseLogger - Using platform encoding (Cp1252 actually) to copy filtered resources, i.e. build is platform dependent!
2013-10-15 01:38:51,815 [Worker-16] INFO  o.e.m.c.i.embedder.EclipseLogger - Copying 0 resource
2013-10-15 01:38:53,967 [Worker-22] WARN  o.e.m.c.i.embedder.EclipseLogger - Using platform encoding (Cp1252 actually) to copy filtered resources, i.e. build is platform dependent!
2013-10-15 01:38:53,970 [Worker-22] INFO  o.e.m.c.i.embedder.EclipseLogger - Copying 1 resource
2013-10-15 01:38:53,977 [Worker-22] INFO  o.e.m.c.i.embedder.EclipseLogger - Copying 0 resource
2013-10-15 01:38:53,982 [Worker-22] WARN  o.e.m.c.i.embedder.EclipseLogger - Using platform encoding (Cp1252 actually) to copy filtered resources, i.e. build is platform dependent!
2013-10-15 01:38:53,984 [Worker-22] INFO  o.e.m.c.i.embedder.EclipseLogger - Copying 0 resource
2013-10-15 01:39:07,558 [Worker-20] WARN  o.e.m.c.i.embedder.EclipseLogger - Using platform encoding (Cp1252 actually) to copy filtered resources, i.e. build is platform dependent!
2013-10-15 01:39:07,560 [Worker-20] INFO  o.e.m.c.i.embedder.EclipseLogger - Copying 1 resource
2013-10-15 01:39:07,566 [Worker-20] INFO  o.e.m.c.i.embedder.EclipseLogger - Copying 0 resource
2013-10-15 01:39:07,570 [Worker-20] WARN  o.e.m.c.i.embedder.EclipseLogger - Using platform encoding (Cp1252 actually) to copy filtered resources, i.e. build is platform dependent!
2013-10-15 01:39:07,572 [Worker-20] INFO  o.e.m.c.i.embedder.EclipseLogger - Copying 0 resource
2013-10-15 01:39:38,496 [Worker-21] WARN  o.e.m.c.i.embedder.EclipseLogger - Using platform encoding (Cp1252 actually) to copy filtered resources, i.e. build is platform dependent!
2013-10-15 01:39:38,498 [Worker-21] INFO  o.e.m.c.i.embedder.EclipseLogger - Copying 1 resource
2013-10-15 01:39:38,506 [Worker-21] INFO  o.e.m.c.i.embedder.EclipseLogger - Copying 0 resource
2013-10-15 01:39:38,511 [Worker-21] WARN  o.e.m.c.i.embedder.EclipseLogger - Using platform encoding (Cp1252 actually) to copy filtered resources, i.e. build is platform dependent!
2013-10-15 01:39:38,514 [Worker-21] INFO  o.e.m.c.i.embedder.EclipseLogger - Copying 0 resource
2013-10-15 01:40:06,359 [Worker-22] WARN  o.e.m.c.i.embedder.EclipseLogger - Using platform encoding (Cp1252 actually) to copy filtered resources, i.e. build is platform dependent!
2013-10-15 01:40:06,361 [Worker-22] INFO  o.e.m.c.i.embedder.EclipseLogger - Copying 1 resource
2013-10-15 01:40:06,368 [Worker-22] INFO  o.e.m.c.i.embedder.EclipseLogger - Copying 0 resource
2013-10-15 01:40:06,372 [Worker-22] WARN  o.e.m.c.i.embedder.EclipseLogger - Using platform encoding (Cp1252 actually) to copy filtered resources, i.e. build is platform dependent!
2013-10-15 01:40:06,373 [Worker-22] INFO  o.e.m.c.i.embedder.EclipseLogger - Copying 0 resource
2013-10-15 01:40:42,748 [Worker-23] WARN  o.e.m.c.i.embedder.EclipseLogger - Using platform encoding (Cp1252 actually) to copy filtered resources, i.e. build is platform dependent!
2013-10-15 01:40:42,751 [Worker-23] INFO  o.e.m.c.i.embedder.EclipseLogger - Copying 1 resource
2013-10-15 01:40:42,758 [Worker-23] INFO  o.e.m.c.i.embedder.EclipseLogger - Copying 0 resource
2013-10-15 01:40:42,762 [Worker-23] WARN  o.e.m.c.i.embedder.EclipseLogger - Using platform encoding (Cp1252 actually) to copy filtered resources, i.e. build is platform dependent!
2013-10-15 01:40:42,764 [Worker-23] INFO  o.e.m.c.i.embedder.EclipseLogger - Copying 0 resource
2013-10-15 01:41:18,669 [Worker-14] WARN  o.e.m.c.i.embedder.EclipseLogger - Using platform encoding (Cp1252 actually) to copy filtered resources, i.e. build is platform dependent!
2013-10-15 01:41:18,672 [Worker-14] INFO  o.e.m.c.i.embedder.EclipseLogger - Copying 1 resource
2013-10-15 01:41:18,692 [Worker-14] INFO  o.e.m.c.i.embedder.EclipseLogger - Copying 0 resource
2013-10-15 01:41:18,697 [Worker-14] WARN  o.e.m.c.i.embedder.EclipseLogger - Using platform encoding (Cp1252 actually) to copy filtered resources, i.e. build is platform dependent!
2013-10-15 01:41:18,698 [Worker-14] INFO  o.e.m.c.i.embedder.EclipseLogger - Copying 0 resource
2013-10-15 01:41:28,181 [Worker-20] WARN  o.e.m.c.i.embedder.EclipseLogger - Using platform encoding (Cp1252 actually) to copy filtered resources, i.e. build is platform dependent!
2013-10-15 01:41:28,183 [Worker-20] INFO  o.e.m.c.i.embedder.EclipseLogger - Copying 1 resource
2013-10-15 01:41:28,190 [Worker-20] INFO  o.e.m.c.i.embedder.EclipseLogger - Copying 0 resource
2013-10-15 01:41:28,193 [Worker-20] WARN  o.e.m.c.i.embedder.EclipseLogger - Using platform encoding (Cp1252 actually) to copy filtered resources, i.e. build is platform dependent!
2013-10-15 01:41:28,195 [Worker-20] INFO  o.e.m.c.i.embedder.EclipseLogger - Copying 0 resource
2013-10-15 01:42:01,290 [Worker-14] WARN  o.e.m.c.i.embedder.EclipseLogger - Using platform encoding (Cp1252 actually) to copy filtered resources, i.e. build is platform dependent!
2013-10-15 01:42:01,293 [Worker-14] INFO  o.e.m.c.i.embedder.EclipseLogger - Copying 1 resource
2013-10-15 01:42:01,301 [Worker-14] INFO  o.e.m.c.i.embedder.EclipseLogger - Copying 0 resource
2013-10-15 01:42:01,306 [Worker-14] WARN  o.e.m.c.i.embedder.EclipseLogger - Using platform encoding (Cp1252 actually) to copy filtered resources, i.e. build is platform dependent!
2013-10-15 01:42:01,307 [Worker-14] INFO  o.e.m.c.i.embedder.EclipseLogger - Copying 0 resource
2013-10-15 01:42:07,350 [Worker-23] WARN  o.e.m.c.i.embedder.EclipseLogger - Using platform encoding (Cp1252 actually) to copy filtered resources, i.e. build is platform dependent!
2013-10-15 01:42:07,354 [Worker-23] INFO  o.e.m.c.i.embedder.EclipseLogger - Copying 1 resource
2013-10-15 01:42:07,362 [Worker-23] INFO  o.e.m.c.i.embedder.EclipseLogger - Copying 0 resource
2013-10-15 01:42:07,366 [Worker-23] WARN  o.e.m.c.i.embedder.EclipseLogger - Using platform encoding (Cp1252 actually) to copy filtered resources, i.e. build is platform dependent!
2013-10-15 01:42:07,368 [Worker-23] INFO  o.e.m.c.i.embedder.EclipseLogger - Copying 0 resource
2013-10-15 01:42:33,176 [Worker-14] WARN  o.e.m.c.i.embedder.EclipseLogger - Using platform encoding (Cp1252 actually) to copy filtered resources, i.e. build is platform dependent!
2013-10-15 01:42:33,178 [Worker-14] INFO  o.e.m.c.i.embedder.EclipseLogger - Copying 1 resource
2013-10-15 01:42:33,187 [Worker-14] INFO  o.e.m.c.i.embedder.EclipseLogger - Copying 0 resource
2013-10-15 01:42:33,191 [Worker-14] WARN  o.e.m.c.i.embedder.EclipseLogger - Using platform encoding (Cp1252 actually) to copy filtered resources, i.e. build is platform dependent!
2013-10-15 01:42:33,192 [Worker-14] INFO  o.e.m.c.i.embedder.EclipseLogger - Copying 0 resource
2013-10-15 01:43:26,413 [Worker-16] WARN  o.e.m.c.i.embedder.EclipseLogger - Using platform encoding (Cp1252 actually) to copy filtered resources, i.e. build is platform dependent!
2013-10-15 01:43:26,415 [Worker-16] INFO  o.e.m.c.i.embedder.EclipseLogger - Copying 1 resource
2013-10-15 01:43:26,423 [Worker-16] INFO  o.e.m.c.i.embedder.EclipseLogger - Copying 0 resource
2013-10-15 01:43:26,428 [Worker-16] WARN  o.e.m.c.i.embedder.EclipseLogger - Using platform encoding (Cp1252 actually) to copy filtered resources, i.e. build is platform dependent!
2013-10-15 01:43:26,429 [Worker-16] INFO  o.e.m.c.i.embedder.EclipseLogger - Copying 0 resource
2013-10-15 01:43:29,556 [Worker-19] WARN  o.e.m.c.i.embedder.EclipseLogger - Using platform encoding (Cp1252 actually) to copy filtered resources, i.e. build is platform dependent!
2013-10-15 01:43:29,559 [Worker-19] INFO  o.e.m.c.i.embedder.EclipseLogger - Copying 1 resource
2013-10-15 01:43:29,582 [Worker-19] INFO  o.e.m.c.i.embedder.EclipseLogger - Copying 0 resource
2013-10-15 01:43:29,586 [Worker-19] WARN  o.e.m.c.i.embedder.EclipseLogger - Using platform encoding (Cp1252 actually) to copy filtered resources, i.e. build is platform dependent!
2013-10-15 01:43:29,588 [Worker-19] INFO  o.e.m.c.i.embedder.EclipseLogger - Copying 0 resource
2013-10-15 01:46:45,013 [Worker-22] INFO  o.e.m.c.i.l.LifecycleMappingFactory - Using org.maven.ide.eclipse.wtp.WarLifecycleMapping lifecycle mapping for MavenProject: com.everis:Spring:0.0.1-SNAPSHOT @ C:\Users\````````````````````\Desktop\spring\Spring\pom.xml.
2013-10-15 01:46:45,208 [Worker-22] INFO  c.n.h.c.p.n.NettyAsyncHttpProvider - Number of application's worked threads is 4
2013-10-15 01:46:45,895 [New I/O client worker #29-1] INFO  o.e.m.c.i.e.AbstractTransferListenerAdapter - Downloading http://repo.maven.apache.org/maven2/org/hibernate/hibernate-core/3.6.3.Final/hibernate-core-3.6.3.Final.pom
2013-10-15 01:46:45,930 [New I/O client worker #29-1] INFO  o.e.m.c.i.e.AbstractTransferListenerAdapter - Downloaded http://repo.maven.apache.org/maven2/org/hibernate/hibernate-core/3.6.3.Final/hibernate-core-3.6.3.Final.pom
2013-10-15 01:46:46,241 [Worker-22] INFO  c.n.h.c.p.n.NettyAsyncHttpProvider - Number of application's worked threads is 4
2013-10-15 01:46:46,860 [New I/O client worker #30-1] INFO  o.e.m.c.i.e.AbstractTransferListenerAdapter - Downloading http://repo.maven.apache.org/maven2/org/hibernate/hibernate-parent/3.6.3.Final/hibernate-parent-3.6.3.Final.pom
2013-10-15 01:46:47,732 [New I/O client worker #30-1] INFO  o.e.m.c.i.e.AbstractTransferListenerAdapter - Downloaded http://repo.maven.apache.org/maven2/org/hibernate/hibernate-parent/3.6.3.Final/hibernate-parent-3.6.3.Final.pom
2013-10-15 01:46:48,173 [Worker-22] INFO  c.n.h.c.p.n.NettyAsyncHttpProvider - Number of application's worked threads is 4
2013-10-15 01:46:48,608 [New I/O client worker #31-1] INFO  o.e.m.c.i.e.AbstractTransferListenerAdapter - Downloading http://repo.maven.apache.org/maven2/antlr/antlr/2.7.6/antlr-2.7.6.pom
2013-10-15 01:46:48,615 [New I/O client worker #31-1] INFO  o.e.m.c.i.e.AbstractTransferListenerAdapter - Downloaded http://repo.maven.apache.org/maven2/antlr/antlr/2.7.6/antlr-2.7.6.pom
2013-10-15 01:46:48,912 [Worker-22] INFO  c.n.h.c.p.n.NettyAsyncHttpProvider - Number of application's worked threads is 4
2013-10-15 01:46:49,514 [New I/O client worker #32-1] INFO  o.e.m.c.i.e.AbstractTransferListenerAdapter - Downloading http://repo.maven.apache.org/maven2/commons-collections/commons-collections/3.1/commons-collections-3.1.pom
2013-10-15 01:46:49,551 [New I/O client worker #32-1] INFO  o.e.m.c.i.e.AbstractTransferListenerAdapter - Downloaded http://repo.maven.apache.org/maven2/commons-collections/commons-collections/3.1/commons-collections-3.1.pom
2013-10-15 01:46:50,206 [Worker-22] INFO  c.n.h.c.p.n.NettyAsyncHttpProvider - Number of application's worked threads is 4
2013-10-15 01:46:50,820 [New I/O client worker #33-1] INFO  o.e.m.c.i.e.AbstractTransferListenerAdapter - Downloading http://repo.maven.apache.org/maven2/org/hibernate/hibernate-commons-annotations/3.2.0.Final/hibernate-commons-annotations-3.2.0.Final.pom
2013-10-15 01:46:50,832 [New I/O client worker #33-1] INFO  o.e.m.c.i.e.AbstractTransferListenerAdapter - Downloaded http://repo.maven.apache.org/maven2/org/hibernate/hibernate-commons-annotations/3.2.0.Final/hibernate-commons-annotations-3.2.0.Final.pom
2013-10-15 01:46:51,223 [Worker-22] INFO  c.n.h.c.p.n.NettyAsyncHttpProvider - Number of application's worked threads is 4
2013-10-15 01:46:51,660 [New I/O client worker #34-1] INFO  o.e.m.c.i.e.AbstractTransferListenerAdapter - Downloading http://repo.maven.apache.org/maven2/org/slf4j/slf4j-api/1.5.8/slf4j-api-1.5.8.pom
2013-10-15 01:46:51,671 [New I/O client worker #34-1] INFO  o.e.m.c.i.e.AbstractTransferListenerAdapter - Downloaded http://repo.maven.apache.org/maven2/org/slf4j/slf4j-api/1.5.8/slf4j-api-1.5.8.pom
2013-10-15 01:46:51,921 [Worker-22] INFO  c.n.h.c.p.n.NettyAsyncHttpProvider - Number of application's worked threads is 4
2013-10-15 01:46:52,506 [New I/O client worker #35-1] INFO  o.e.m.c.i.e.AbstractTransferListenerAdapter - Downloading http://repo.maven.apache.org/maven2/org/slf4j/slf4j-parent/1.5.8/slf4j-parent-1.5.8.pom
2013-10-15 01:46:52,519 [New I/O client worker #35-1] INFO  o.e.m.c.i.e.AbstractTransferListenerAdapter - Downloaded http://repo.maven.apache.org/maven2/org/slf4j/slf4j-parent/1.5.8/slf4j-parent-1.5.8.pom
2013-10-15 01:46:52,949 [Worker-22] INFO  c.n.h.c.p.n.NettyAsyncHttpProvider - Number of application's worked threads is 4
2013-10-15 01:46:53,590 [New I/O client worker #36-1] INFO  o.e.m.c.i.e.AbstractTransferListenerAdapter - Downloading http://repo.maven.apache.org/maven2/org/hibernate/javax/persistence/hibernate-jpa-2.0-api/1.0.0.Final/hibernate-jpa-2.0-api-1.0.0.Final.pom
2013-10-15 01:46:53,603 [New I/O client worker #36-1] INFO  o.e.m.c.i.e.AbstractTransferListenerAdapter - Downloaded http://repo.maven.apache.org/maven2/org/hibernate/javax/persistence/hibernate-jpa-2.0-api/1.0.0.Final/hibernate-jpa-2.0-api-1.0.0.Final.pom
2013-10-15 01:46:54,760 [Worker-22] INFO  c.n.h.c.p.n.NettyAsyncHttpProvider - Number of application's worked threads is 4
2013-10-15 01:46:55,377 [New I/O client worker #37-1] INFO  o.e.m.c.i.e.AbstractTransferListenerAdapter - Downloading http://repo.maven.apache.org/maven2/javax/transaction/jta/1.1/jta-1.1.pom
2013-10-15 01:46:55,406 [New I/O client worker #37-1] INFO  o.e.m.c.i.e.AbstractTransferListenerAdapter - Downloaded http://repo.maven.apache.org/maven2/javax/transaction/jta/1.1/jta-1.1.pom
2013-10-15 01:46:55,765 [Worker-22] INFO  c.n.h.c.p.n.NettyAsyncHttpProvider - Number of application's worked threads is 4
2013-10-15 01:46:56,359 [New I/O client worker #38-1] INFO  o.e.m.c.i.e.AbstractTransferListenerAdapter - Downloading http://repo.maven.apache.org/maven2/org/slf4j/slf4j-api/1.6.1/slf4j-api-1.6.1.pom
2013-10-15 01:46:56,402 [New I/O client worker #38-1] INFO  o.e.m.c.i.e.AbstractTransferListenerAdapter - Downloaded http://repo.maven.apache.org/maven2/org/slf4j/slf4j-api/1.6.1/slf4j-api-1.6.1.pom
2013-10-15 01:46:56,780 [Worker-22] INFO  c.n.h.c.p.n.NettyAsyncHttpProvider - Number of application's worked threads is 4
2013-10-15 01:46:57,405 [New I/O client worker #39-1] INFO  o.e.m.c.i.e.AbstractTransferListenerAdapter - Downloading http://repo.maven.apache.org/maven2/org/slf4j/slf4j-parent/1.6.1/slf4j-parent-1.6.1.pom
2013-10-15 01:46:57,424 [New I/O client worker #39-1] INFO  o.e.m.c.i.e.AbstractTransferListenerAdapter - Downloaded http://repo.maven.apache.org/maven2/org/slf4j/slf4j-parent/1.6.1/slf4j-parent-1.6.1.pom
2013-10-15 01:46:57,845 [Worker-22] INFO  c.n.h.c.p.n.NettyAsyncHttpProvider - Number of application's worked threads is 4
2013-10-15 01:46:58,425 [New I/O client worker #40-3] INFO  o.e.m.c.i.e.AbstractTransferListenerAdapter - Downloading http://repo.maven.apache.org/maven2/commons-collections/commons-collections/3.1/commons-collections-3.1.jar
2013-10-15 01:46:58,543 [New I/O client worker #40-2] INFO  o.e.m.c.i.e.AbstractTransferListenerAdapter - Downloading http://repo.maven.apache.org/maven2/javax/transaction/jta/1.1/jta-1.1.jar
2013-10-15 01:46:58,562 [New I/O client worker #40-1] INFO  o.e.m.c.i.e.AbstractTransferListenerAdapter - Downloading http://repo.maven.apache.org/maven2/org/hibernate/hibernate-core/3.6.3.Final/hibernate-core-3.6.3.Final.jar
2013-10-15 01:46:58,601 [New I/O client worker #40-4] INFO  o.e.m.c.i.e.AbstractTransferListenerAdapter - Downloading http://repo.maven.apache.org/maven2/org/hibernate/hibernate-commons-annotations/3.2.0.Final/hibernate-commons-annotations-3.2.0.Final.jar
2013-10-15 01:46:58,665 [New I/O client worker #40-2] INFO  o.e.m.c.i.e.AbstractTransferListenerAdapter - Downloading http://repo.maven.apache.org/maven2/antlr/antlr/2.7.6/antlr-2.7.6.jar
2013-10-15 01:46:58,684 [New I/O client worker #40-1] INFO  o.e.m.c.i.e.AbstractTransferListenerAdapter - Downloading http://repo.maven.apache.org/maven2/org/hibernate/javax/persistence/hibernate-jpa-2.0-api/1.0.0.Final/hibernate-jpa-2.0-api-1.0.0.Final.jar
2013-10-15 01:46:58,742 [New I/O client worker #40-2] INFO  o.e.m.c.i.e.AbstractTransferListenerAdapter - Downloaded http://repo.maven.apache.org/maven2/javax/transaction/jta/1.1/jta-1.1.jar
2013-10-15 01:46:59,226 [New I/O client worker #40-4] INFO  o.e.m.c.i.e.AbstractTransferListenerAdapter - Downloaded http://repo.maven.apache.org/maven2/org/hibernate/hibernate-commons-annotations/3.2.0.Final/hibernate-commons-annotations-3.2.0.Final.jar
2013-10-15 01:47:03,004 [New I/O client worker #40-3] INFO  o.e.m.c.i.e.AbstractTransferListenerAdapter - Downloaded http://repo.maven.apache.org/maven2/commons-collections/commons-collections/3.1/commons-collections-3.1.jar
2013-10-15 01:47:03,694 [New I/O client worker #40-1] INFO  o.e.m.c.i.e.AbstractTransferListenerAdapter - Downloaded http://repo.maven.apache.org/maven2/org/hibernate/javax/persistence/hibernate-jpa-2.0-api/1.0.0.Final/hibernate-jpa-2.0-api-1.0.0.Final.jar
2013-10-15 01:47:07,950 [New I/O client worker #40-2] INFO  o.e.m.c.i.e.AbstractTransferListenerAdapter - Downloaded http://repo.maven.apache.org/maven2/antlr/antlr/2.7.6/antlr-2.7.6.jar
2013-10-15 01:47:24,770 [New I/O client worker #40-1] INFO  o.e.m.c.i.e.AbstractTransferListenerAdapter - Downloaded http://repo.maven.apache.org/maven2/org/hibernate/hibernate-core/3.6.3.Final/hibernate-core-3.6.3.Final.jar
2013-10-15 01:47:29,070 [Worker-22] WARN  o.e.m.c.i.embedder.EclipseLogger - Using platform encoding (Cp1252 actually) to copy filtered resources, i.e. build is platform dependent!
2013-10-15 01:47:29,072 [Worker-22] INFO  o.e.m.c.i.embedder.EclipseLogger - Copying 0 resource
2013-10-15 01:47:29,073 [Worker-22] INFO  o.e.m.c.i.embedder.EclipseLogger - Copying 0 resource
2013-10-15 01:47:29,076 [Worker-22] WARN  o.e.m.c.i.embedder.EclipseLogger - Using platform encoding (Cp1252 actually) to copy filtered resources, i.e. build is platform dependent!
2013-10-15 01:47:29,077 [Worker-22] INFO  o.e.m.c.i.embedder.EclipseLogger - Copying 0 resource
2013-10-15 01:47:29,078 [Worker-22] INFO  o.e.m.w.i.f.ResourceFilteringBuildParticipant - Changed resources require a complete clean of filtered resources of Spring
2013-10-15 01:47:29,105 [Worker-22] INFO  o.e.m.w.i.f.ResourceFilteringBuildParticipant - Executing resource filtering for Spring
2013-10-15 01:47:29,614 [Worker-22] WARN  o.e.m.c.i.embedder.EclipseLogger - Using platform encoding (Cp1252 actually) to copy filtered resources, i.e. build is platform dependent!
2013-10-15 01:47:34,677 [Worker-22] INFO  o.e.m.c.i.l.LifecycleMappingFactory - Using org.maven.ide.eclipse.wtp.WarLifecycleMapping lifecycle mapping for MavenProject: com.everis:Spring:0.0.1-SNAPSHOT @ C:\Users\````````````````````\Desktop\spring\Spring\pom.xml.
2013-10-15 01:47:34,985 [Worker-22] WARN  o.e.m.c.i.embedder.EclipseLogger - Using platform encoding (Cp1252 actually) to copy filtered resources, i.e. build is platform dependent!
2013-10-15 01:47:34,987 [Worker-22] INFO  o.e.m.c.i.embedder.EclipseLogger - Copying 1 resource
2013-10-15 01:47:34,999 [Worker-22] INFO  o.e.m.c.i.embedder.EclipseLogger - Copying 0 resource
2013-10-15 01:47:35,001 [Worker-22] WARN  o.e.m.c.i.embedder.EclipseLogger - Using platform encoding (Cp1252 actually) to copy filtered resources, i.e. build is platform dependent!
2013-10-15 01:47:35,003 [Worker-22] INFO  o.e.m.c.i.embedder.EclipseLogger - Copying 0 resource
2013-10-15 01:49:22,589 [Worker-28] INFO  o.e.m.c.i.l.LifecycleMappingFactory - Using org.maven.ide.eclipse.wtp.WarLifecycleMapping lifecycle mapping for MavenProject: com.everis:Spring:0.0.1-SNAPSHOT @ C:\Users\````````````````````\Desktop\spring\Spring\pom.xml.
2013-10-15 01:49:22,971 [Worker-28] INFO  c.n.h.c.p.n.NettyAsyncHttpProvider - Number of application's worked threads is 4
2013-10-15 01:49:23,755 [New I/O client worker #41-1] INFO  o.e.m.c.i.e.AbstractTransferListenerAdapter - Downloading http://repo.maven.apache.org/maven2/org/springframework/spring-core/2.5.6/spring-core-2.5.6.pom
2013-10-15 01:49:23,821 [New I/O client worker #41-1] INFO  o.e.m.c.i.e.AbstractTransferListenerAdapter - Downloaded http://repo.maven.apache.org/maven2/org/springframework/spring-core/2.5.6/spring-core-2.5.6.pom
2013-10-15 01:49:24,226 [Worker-28] INFO  c.n.h.c.p.n.NettyAsyncHttpProvider - Number of application's worked threads is 4
2013-10-15 01:49:24,685 [New I/O client worker #42-1] INFO  o.e.m.c.i.e.AbstractTransferListenerAdapter - Downloading http://repo.maven.apache.org/maven2/commons-logging/commons-logging/1.1.1/commons-logging-1.1.1.pom
2013-10-15 01:49:24,928 [New I/O client worker #42-1] INFO  o.e.m.c.i.e.AbstractTransferListenerAdapter - Downloaded http://repo.maven.apache.org/maven2/commons-logging/commons-logging/1.1.1/commons-logging-1.1.1.pom
2013-10-15 01:49:25,218 [Worker-28] INFO  c.n.h.c.p.n.NettyAsyncHttpProvider - Number of application's worked threads is 4
2013-10-15 01:49:25,693 [New I/O client worker #43-1] INFO  o.e.m.c.i.e.AbstractTransferListenerAdapter - Downloading http://repo.maven.apache.org/maven2/org/apache/commons/commons-parent/5/commons-parent-5.pom
2013-10-15 01:49:25,970 [New I/O client worker #43-1] INFO  o.e.m.c.i.e.AbstractTransferListenerAdapter - Downloaded http://repo.maven.apache.org/maven2/org/apache/commons/commons-parent/5/commons-parent-5.pom
2013-10-15 01:49:26,424 [Worker-28] INFO  c.n.h.c.p.n.NettyAsyncHttpProvider - Number of application's worked threads is 4
2013-10-15 01:49:26,872 [New I/O client worker #44-1] INFO  o.e.m.c.i.e.AbstractTransferListenerAdapter - Downloading http://repo.maven.apache.org/maven2/org/springframework/spring-core/2.5.6/spring-core-2.5.6.jar
2013-10-15 01:49:26,980 [New I/O client worker #44-2] INFO  o.e.m.c.i.e.AbstractTransferListenerAdapter - Downloading http://repo.maven.apache.org/maven2/commons-logging/commons-logging/1.1.1/commons-logging-1.1.1.jar
2013-10-15 01:49:27,622 [New I/O client worker #44-2] INFO  o.e.m.c.i.e.AbstractTransferListenerAdapter - Downloaded http://repo.maven.apache.org/maven2/commons-logging/commons-logging/1.1.1/commons-logging-1.1.1.jar
2013-10-15 01:49:29,519 [New I/O client worker #44-1] INFO  o.e.m.c.i.e.AbstractTransferListenerAdapter - Downloaded http://repo.maven.apache.org/maven2/org/springframework/spring-core/2.5.6/spring-core-2.5.6.jar
2013-10-15 01:49:31,739 [Worker-28] WARN  o.e.m.c.i.embedder.EclipseLogger - Using platform encoding (Cp1252 actually) to copy filtered resources, i.e. build is platform dependent!
2013-10-15 01:49:31,740 [Worker-28] INFO  o.e.m.c.i.embedder.EclipseLogger - Copying 0 resource
2013-10-15 01:49:31,741 [Worker-28] INFO  o.e.m.c.i.embedder.EclipseLogger - Copying 0 resource
2013-10-15 01:49:31,748 [Worker-28] WARN  o.e.m.c.i.embedder.EclipseLogger - Using platform encoding (Cp1252 actually) to copy filtered resources, i.e. build is platform dependent!
2013-10-15 01:49:31,751 [Worker-28] INFO  o.e.m.c.i.embedder.EclipseLogger - Copying 0 resource
2013-10-15 01:49:31,751 [Worker-28] INFO  o.e.m.w.i.f.ResourceFilteringBuildParticipant - Changed resources require a complete clean of filtered resources of Spring
2013-10-15 01:49:31,752 [Worker-28] INFO  o.e.m.w.i.f.ResourceFilteringBuildParticipant - Executing resource filtering for Spring
2013-10-15 01:49:31,759 [Worker-28] WARN  o.e.m.c.i.embedder.EclipseLogger - Using platform encoding (Cp1252 actually) to copy filtered resources, i.e. build is platform dependent!
2013-10-15 01:49:33,137 [Worker-29] WARN  o.e.m.c.i.embedder.EclipseLogger - Using platform encoding (Cp1252 actually) to copy filtered resources, i.e. build is platform dependent!
2013-10-15 01:49:33,139 [Worker-29] INFO  o.e.m.c.i.embedder.EclipseLogger - Copying 1 resource
2013-10-15 01:49:33,154 [Worker-29] INFO  o.e.m.c.i.embedder.EclipseLogger - Copying 0 resource
2013-10-15 01:49:33,157 [Worker-29] WARN  o.e.m.c.i.embedder.EclipseLogger - Using platform encoding (Cp1252 actually) to copy filtered resources, i.e. build is platform dependent!
2013-10-15 01:49:33,159 [Worker-29] INFO  o.e.m.c.i.embedder.EclipseLogger - Copying 0 resource
2013-10-15 01:49:36,774 [Worker-30] INFO  o.e.m.c.i.l.LifecycleMappingFactory - Using org.maven.ide.eclipse.wtp.WarLifecycleMapping lifecycle mapping for MavenProject: com.everis:Spring:0.0.1-SNAPSHOT @ C:\Users\````````````````````\Desktop\spring\Spring\pom.xml.
2013-10-15 01:49:37,428 [Worker-30] WARN  o.e.m.c.i.embedder.EclipseLogger - Using platform encoding (Cp1252 actually) to copy filtered resources, i.e. build is platform dependent!
2013-10-15 01:49:37,430 [Worker-30] INFO  o.e.m.c.i.embedder.EclipseLogger - Copying 0 resource
2013-10-15 01:49:37,430 [Worker-30] INFO  o.e.m.c.i.embedder.EclipseLogger - Copying 0 resource
2013-10-15 01:49:37,433 [Worker-30] WARN  o.e.m.c.i.embedder.EclipseLogger - Using platform encoding (Cp1252 actually) to copy filtered resources, i.e. build is platform dependent!
2013-10-15 01:49:37,435 [Worker-30] INFO  o.e.m.c.i.embedder.EclipseLogger - Copying 0 resource
2013-10-15 01:49:37,435 [Worker-30] INFO  o.e.m.w.i.f.ResourceFilteringBuildParticipant - Changed resources require a complete clean of filtered resources of Spring
2013-10-15 01:49:37,435 [Worker-30] INFO  o.e.m.w.i.f.ResourceFilteringBuildParticipant - Executing resource filtering for Spring
2013-10-15 01:49:37,441 [Worker-30] WARN  o.e.m.c.i.embedder.EclipseLogger - Using platform encoding (Cp1252 actually) to copy filtered resources, i.e. build is platform dependent!
2013-10-15 01:49:47,933 [main] INFO  o.e.m2e.actions.ExecutePomAction - Creating new launch configuration
2013-10-15 01:50:41,011 [Worker-25] INFO  o.e.m.i.launch.MavenLaunchDelegate - C:\Users\````````````````````\Desktop\spring\Spring
2013-10-15 01:50:41,012 [Worker-25] INFO  o.e.m.i.launch.MavenLaunchDelegate -  mvn  -B -Dmaven.test.skip=true -u clean install -e
2013-10-15 01:51:21,994 [Worker-27] INFO  o.e.m.i.launch.MavenLaunchDelegate - C:\Users\````````````````````\Desktop\spring\Spring
2013-10-15 01:51:21,995 [Worker-27] INFO  o.e.m.i.launch.MavenLaunchDelegate -  mvn  -B -Dmaven.test.skip=true -U clean install -e
2013-10-15 01:54:58,170 [main] INFO  o.e.m2e.actions.ExecutePomAction - Using existing launch configuration
2013-10-15 01:54:58,188 [Worker-27] INFO  o.e.m.i.launch.MavenLaunchDelegate - C:\Users\````````````````````\Desktop\spring\Spring
2013-10-15 01:54:58,188 [Worker-27] INFO  o.e.m.i.launch.MavenLaunchDelegate -  mvn  -B -Dmaven.test.skip=true -U clean install -e
2013-10-15 02:04:03,330 [Worker-35] WARN  o.e.m.c.i.embedder.EclipseLogger - Using platform encoding (Cp1252 actually) to copy filtered resources, i.e. build is platform dependent!
2013-10-15 02:04:03,332 [Worker-35] INFO  o.e.m.c.i.embedder.EclipseLogger - Copying 1 resource
2013-10-15 02:04:03,343 [Worker-35] INFO  o.e.m.c.i.embedder.EclipseLogger - Copying 0 resource
2013-10-15 02:04:03,346 [Worker-35] WARN  o.e.m.c.i.embedder.EclipseLogger - Using platform encoding (Cp1252 actually) to copy filtered resources, i.e. build is platform dependent!
2013-10-15 02:04:03,349 [Worker-35] INFO  o.e.m.c.i.embedder.EclipseLogger - Copying 0 resource
2013-10-15 02:21:40,739 [Worker-40] WARN  o.e.m.c.i.embedder.EclipseLogger - Using platform encoding (Cp1252 actually) to copy filtered resources, i.e. build is platform dependent!
2013-10-15 02:21:40,760 [Worker-40] INFO  o.e.m.c.i.embedder.EclipseLogger - Copying 1 resource
2013-10-15 02:21:40,774 [Worker-40] INFO  o.e.m.c.i.embedder.EclipseLogger - Copying 0 resource
2013-10-15 02:21:40,778 [Worker-40] WARN  o.e.m.c.i.embedder.EclipseLogger - Using platform encoding (Cp1252 actually) to copy filtered resources, i.e. build is platform dependent!
2013-10-15 02:21:40,780 [Worker-40] INFO  o.e.m.c.i.embedder.EclipseLogger - Copying 0 resource
